module.js:557
    throw err;
    ^

Error: Cannot find module '/Users/Memo/Desktop/topcoder/sad.js'
    at Function.Module._resolveFilename (module.js:555:15)
    at Function.Module._load (module.js:482:25)
    at Function.Module.runMain (module.js:701:10)
    at startup (bootstrap_node.js:190:16)
    at bootstrap_node.js:662:3
/Users/Memo/Desktop/topcoder/server.js:2
this is a bug
     ^^

SyntaxError: Unexpected identifier
    at new Script (vm.js:51:7)
    at createScript (vm.js:138:10)
    at Object.runInThisContext (vm.js:199:10)
    at Module._compile (module.js:624:28)
    at Object.Module._extensions..js (module.js:671:10)
    at Module.load (module.js:573:32)
    at tryModuleLoad (module.js:513:12)
    at Function.Module._load (module.js:505:3)
    at Function.Module.runMain (module.js:701:10)
    at startup (bootstrap_node.js:190:16)
/Users/Memo/Desktop/topcoder/server.js:2
this is a bug
     ^^

SyntaxError: Unexpected identifier
    at new Script (vm.js:51:7)
    at createScript (vm.js:138:10)
    at Object.runInThisContext (vm.js:199:10)
    at Module._compile (module.js:624:28)
    at Object.Module._extensions..js (module.js:671:10)
    at Module.load (module.js:573:32)
    at tryModuleLoad (module.js:513:12)
    at Function.Module._load (module.js:505:3)
    at Function.Module.runMain (module.js:701:10)
    at startup (bootstrap_node.js:190:16)
/Users/Memo/Desktop/topcoder/server.js:2
this is a bug
     ^^

SyntaxError: Unexpected identifier
    at new Script (vm.js:51:7)
    at createScript (vm.js:138:10)
    at Object.runInThisContext (vm.js:199:10)
    at Module._compile (module.js:624:28)
    at Object.Module._extensions..js (module.js:671:10)
    at Module.load (module.js:573:32)
    at tryModuleLoad (module.js:513:12)
    at Function.Module._load (module.js:505:3)
    at Function.Module.runMain (module.js:701:10)
    at startup (bootstrap_node.js:190:16)
events.js:137
      throw er; // Unhandled 'error' event
      ^

Error: listen EADDRINUSE :::5000
    at Object._errnoException (util.js:1003:13)
    at _exceptionWithHostPort (util.js:1024:20)
    at Server.setupListenHandle [as _listen2] (net.js:1367:14)
    at listenInCluster (net.js:1408:12)
    at Server.listen (net.js:1496:7)
    at Object.<anonymous> (/Users/Memo/Desktop/topcoder/hello.js:6:4)
    at Module._compile (module.js:660:30)
    at Object.Module._extensions..js (module.js:671:10)
    at Module.load (module.js:573:32)
    at tryModuleLoad (module.js:513:12)
events.js:137
      throw er; // Unhandled 'error' event
      ^

Error: listen EADDRINUSE :::5000
    at Object._errnoException (util.js:1003:13)
    at _exceptionWithHostPort (util.js:1024:20)
    at Server.setupListenHandle [as _listen2] (net.js:1367:14)
    at listenInCluster (net.js:1408:12)
    at Server.listen (net.js:1496:7)
    at Object.<anonymous> (/Users/Memo/Desktop/topcoder/hello.js:6:4)
    at Module._compile (module.js:660:30)
    at Object.Module._extensions..js (module.js:671:10)
    at Module.load (module.js:573:32)
    at tryModuleLoad (module.js:513:12)
